<?xml version="1.0" encoding="UTF-8"?>
<testsuite xmlns:xsi="http://www.w3.org/2001/XMLSchema-instance" xsi:noNamespaceSchemaLocation="https://maven.apache.org/surefire/maven-surefire-plugin/xsd/surefire-test-report-3.0.xsd" version="3.0" name="hlf.network.mapper.BlockMapperTest" time="6.222" tests="1" errors="0" skipped="0" failures="0">
  <properties>
    <property name="java.specification.version" value="21"/>
    <property name="sun.jnu.encoding" value="UTF-8"/>
    <property name="test.url" value="http://localhost:8081"/>
    <property name="io.quarkus.security.http.test-if-basic-auth-implicitly-required" value="true"/>
    <property name="java.class.path" value="/run/media/pedromn35/disk2-home/projects/quarkus-rest-hlf-network/target/test-classes:/run/media/pedromn35/disk2-home/projects/quarkus-rest-hlf-network/target/classes:/home/pedromn35/.m2/repository/org/projectlombok/lombok/1.18.34/lombok-1.18.34.jar:/home/pedromn35/.m2/repository/org/mapstruct/mapstruct/1.3.1.Final/mapstruct-1.3.1.Final.jar:/home/pedromn35/.m2/repository/org/mapstruct/mapstruct-processor/1.3.1.Final/mapstruct-processor-1.3.1.Final.jar:/home/pedromn35/.m2/repository/io/quarkiverse/openapi/generator/quarkus-openapi-generator/2.4.2/quarkus-openapi-generator-2.4.2.jar:/home/pedromn35/.m2/repository/io/quarkus/quarkus-core/3.12.3/quarkus-core-3.12.3.jar:/home/pedromn35/.m2/repository/jakarta/annotation/jakarta.annotation-api/3.0.0/jakarta.annotation-api-3.0.0.jar:/home/pedromn35/.m2/repository/jakarta/enterprise/jakarta.enterprise.cdi-api/4.1.0/jakarta.enterprise.cdi-api-4.1.0.jar:/home/pedromn35/.m2/repository/jakarta/enterprise/jakarta.enterprise.lang-model/4.1.0/jakarta.enterprise.lang-model-4.1.0.jar:/home/pedromn35/.m2/repository/jakarta/el/jakarta.el-api/5.0.1/jakarta.el-api-5.0.1.jar:/home/pedromn35/.m2/repository/jakarta/interceptor/jakarta.interceptor-api/2.2.0/jakarta.interceptor-api-2.2.0.jar:/home/pedromn35/.m2/repository/jakarta/inject/jakarta.inject-api/2.0.1/jakarta.inject-api-2.0.1.jar:/home/pedromn35/.m2/repository/io/smallrye/common/smallrye-common-os/2.3.0/smallrye-common-os-2.3.0.jar:/home/pedromn35/.m2/repository/io/quarkus/quarkus-ide-launcher/3.12.3/quarkus-ide-launcher-3.12.3.jar:/home/pedromn35/.m2/repository/io/quarkus/quarkus-development-mode-spi/3.12.3/quarkus-development-mode-spi-3.12.3.jar:/home/pedromn35/.m2/repository/io/smallrye/config/smallrye-config/3.8.3/smallrye-config-3.8.3.jar:/home/pedromn35/.m2/repository/io/smallrye/config/smallrye-config-core/3.8.3/smallrye-config-core-3.8.3.jar:/home/pedromn35/.m2/repository/org/eclipse/microprofile/config/microprofile-config-api/3.1/microprofile-config-api-3.1.jar:/home/pedromn35/.m2/repository/io/smallrye/common/smallrye-common-classloader/2.3.0/smallrye-common-classloader-2.3.0.jar:/home/pedromn35/.m2/repository/io/smallrye/config/smallrye-config-common/3.8.3/smallrye-config-common-3.8.3.jar:/home/pedromn35/.m2/repository/org/jboss/logging/jboss-logging/3.6.0.Final/jboss-logging-3.6.0.Final.jar:/home/pedromn35/.m2/repository/org/jboss/logmanager/jboss-logmanager/3.0.6.Final/jboss-logmanager-3.0.6.Final.jar:/home/pedromn35/.m2/repository/io/smallrye/common/smallrye-common-constraint/2.3.0/smallrye-common-constraint-2.3.0.jar:/home/pedromn35/.m2/repository/io/smallrye/common/smallrye-common-cpu/2.3.0/smallrye-common-cpu-2.3.0.jar:/home/pedromn35/.m2/repository/io/smallrye/common/smallrye-common-expression/2.3.0/smallrye-common-expression-2.3.0.jar:/home/pedromn35/.m2/repository/io/smallrye/common/smallrye-common-function/2.3.0/smallrye-common-function-2.3.0.jar:/home/pedromn35/.m2/repository/io/smallrye/common/smallrye-common-net/2.3.0/smallrye-common-net-2.3.0.jar:/home/pedromn35/.m2/repository/io/smallrye/common/smallrye-common-ref/2.3.0/smallrye-common-ref-2.3.0.jar:/home/pedromn35/.m2/repository/jakarta/json/jakarta.json-api/2.1.3/jakarta.json-api-2.1.3.jar:/home/pedromn35/.m2/repository/org/jboss/logging/jboss-logging-annotations/2.2.1.Final/jboss-logging-annotations-2.2.1.Final.jar:/home/pedromn35/.m2/repository/org/jboss/threads/jboss-threads/3.6.1.Final/jboss-threads-3.6.1.Final.jar:/home/pedromn35/.m2/repository/org/slf4j/slf4j-api/2.0.6/slf4j-api-2.0.6.jar:/home/pedromn35/.m2/repository/org/jboss/slf4j/slf4j-jboss-logmanager/2.0.0.Final/slf4j-jboss-logmanager-2.0.0.Final.jar:/home/pedromn35/.m2/repository/org/wildfly/common/wildfly-common/1.7.0.Final/wildfly-common-1.7.0.Final.jar:/home/pedromn35/.m2/repository/io/quarkus/quarkus-bootstrap-runner/3.12.3/quarkus-bootstrap-runner-3.12.3.jar:/home/pedromn35/.m2/repository/io/quarkus/quarkus-fs-util/0.0.10/quarkus-fs-util-0.0.10.jar:/home/pedromn35/.m2/repository/io/quarkus/quarkus-qute/3.12.3/quarkus-qute-3.12.3.jar:/home/pedromn35/.m2/repository/io/quarkus/qute/qute-core/3.12.3/qute-core-3.12.3.jar:/home/pedromn35/.m2/repository/io/quarkiverse/groovy/quarkus-groovy-junit5/3.12.1/quarkus-groovy-junit5-3.12.1.jar:/home/pedromn35/.m2/repository/io/quarkiverse/groovy/quarkus-groovy/3.12.1/quarkus-groovy-3.12.1.jar:/home/pedromn35/.m2/repository/io/quarkus/quarkus-rest/3.12.3/quarkus-rest-3.12.3.jar:/home/pedromn35/.m2/repository/io/quarkus/quarkus-rest-common/3.12.3/quarkus-rest-common-3.12.3.jar:/home/pedromn35/.m2/repository/io/quarkus/resteasy/reactive/resteasy-reactive-common/3.12.3/resteasy-reactive-common-3.12.3.jar:/home/pedromn35/.m2/repository/io/quarkus/resteasy/reactive/resteasy-reactive-common-types/3.12.3/resteasy-reactive-common-types-3.12.3.jar:/home/pedromn35/.m2/repository/org/reactivestreams/reactive-streams/1.0.4/reactive-streams-1.0.4.jar:/home/pedromn35/.m2/repository/io/smallrye/common/smallrye-common-annotation/2.3.0/smallrye-common-annotation-2.3.0.jar:/home/pedromn35/.m2/repository/io/quarkus/quarkus-mutiny/3.12.3/quarkus-mutiny-3.12.3.jar:/home/pedromn35/.m2/repository/io/quarkus/quarkus-smallrye-context-propagation/3.12.3/quarkus-smallrye-context-propagation-3.12.3.jar:/home/pedromn35/.m2/repository/io/smallrye/smallrye-context-propagation/2.1.2/smallrye-context-propagation-2.1.2.jar:/home/pedromn35/.m2/repository/io/smallrye/smallrye-context-propagation-api/2.1.2/smallrye-context-propagation-api-2.1.2.jar:/home/pedromn35/.m2/repository/io/smallrye/smallrye-context-propagation-storage/2.1.2/smallrye-context-propagation-storage-2.1.2.jar:/home/pedromn35/.m2/repository/io/smallrye/reactive/mutiny-smallrye-context-propagation/2.6.0/mutiny-smallrye-context-propagation-2.6.0.jar:/home/pedromn35/.m2/repository/io/quarkus/quarkus-vertx/3.12.3/quarkus-vertx-3.12.3.jar:/home/pedromn35/.m2/repository/io/quarkus/quarkus-netty/3.12.3/quarkus-netty-3.12.3.jar:/home/pedromn35/.m2/repository/io/netty/netty-codec/4.1.108.Final/netty-codec-4.1.108.Final.jar:/home/pedromn35/.m2/repository/com/aayushatharva/brotli4j/brotli4j/1.16.0/brotli4j-1.16.0.jar:/home/pedromn35/.m2/repository/com/aayushatharva/brotli4j/service/1.16.0/service-1.16.0.jar:/home/pedromn35/.m2/repository/com/aayushatharva/brotli4j/native-linux-x86_64/1.16.0/native-linux-x86_64-1.16.0.jar:/home/pedromn35/.m2/repository/io/netty/netty-codec-haproxy/4.1.108.Final/netty-codec-haproxy-4.1.108.Final.jar:/home/pedromn35/.m2/repository/io/quarkus/quarkus-vertx-latebound-mdc-provider/3.12.3/quarkus-vertx-latebound-mdc-provider-3.12.3.jar:/home/pedromn35/.m2/repository/io/smallrye/smallrye-fault-tolerance-vertx/6.3.0/smallrye-fault-tolerance-vertx-6.3.0.jar:/home/pedromn35/.m2/repository/io/quarkus/resteasy/reactive/resteasy-reactive-vertx/3.12.3/resteasy-reactive-vertx-3.12.3.jar:/home/pedromn35/.m2/repository/io/vertx/vertx-web/4.5.7/vertx-web-4.5.7.jar:/home/pedromn35/.m2/repository/io/vertx/vertx-web-common/4.5.7/vertx-web-common-4.5.7.jar:/home/pedromn35/.m2/repository/io/vertx/vertx-auth-common/4.5.7/vertx-auth-common-4.5.7.jar:/home/pedromn35/.m2/repository/io/vertx/vertx-bridge-common/4.5.7/vertx-bridge-common-4.5.7.jar:/home/pedromn35/.m2/repository/io/smallrye/reactive/smallrye-mutiny-vertx-core/3.12.0/smallrye-mutiny-vertx-core-3.12.0.jar:/home/pedromn35/.m2/repository/io/smallrye/reactive/smallrye-mutiny-vertx-runtime/3.12.0/smallrye-mutiny-vertx-runtime-3.12.0.jar:/home/pedromn35/.m2/repository/io/smallrye/reactive/vertx-mutiny-generator/3.12.0/vertx-mutiny-generator-3.12.0.jar:/home/pedromn35/.m2/repository/io/vertx/vertx-codegen/4.5.7/vertx-codegen-4.5.7.jar:/home/pedromn35/.m2/repository/io/quarkus/resteasy/reactive/resteasy-reactive/3.12.3/resteasy-reactive-3.12.3.jar:/home/pedromn35/.m2/repository/io/quarkus/vertx/utils/quarkus-vertx-utils/3.12.3/quarkus-vertx-utils-3.12.3.jar:/home/pedromn35/.m2/repository/jakarta/ws/rs/jakarta.ws.rs-api/3.1.0/jakarta.ws.rs-api-3.1.0.jar:/home/pedromn35/.m2/repository/org/jboss/logging/commons-logging-jboss-logging/1.0.0.Final/commons-logging-jboss-logging-1.0.0.Final.jar:/home/pedromn35/.m2/repository/io/quarkus/quarkus-vertx-http/3.12.3/quarkus-vertx-http-3.12.3.jar:/home/pedromn35/.m2/repository/io/quarkus/quarkus-security-runtime-spi/3.12.3/quarkus-security-runtime-spi-3.12.3.jar:/home/pedromn35/.m2/repository/io/quarkus/quarkus-tls-registry/3.12.3/quarkus-tls-registry-3.12.3.jar:/home/pedromn35/.m2/repository/io/quarkus/quarkus-credentials/3.12.3/quarkus-credentials-3.12.3.jar:/home/pedromn35/.m2/repository/io/smallrye/common/smallrye-common-vertx-context/2.3.0/smallrye-common-vertx-context-2.3.0.jar:/home/pedromn35/.m2/repository/io/quarkus/security/quarkus-security/2.1.0/quarkus-security-2.1.0.jar:/home/pedromn35/.m2/repository/io/smallrye/reactive/smallrye-mutiny-vertx-web/3.12.0/smallrye-mutiny-vertx-web-3.12.0.jar:/home/pedromn35/.m2/repository/io/smallrye/reactive/smallrye-mutiny-vertx-web-common/3.12.0/smallrye-mutiny-vertx-web-common-3.12.0.jar:/home/pedromn35/.m2/repository/io/smallrye/reactive/smallrye-mutiny-vertx-auth-common/3.12.0/smallrye-mutiny-vertx-auth-common-3.12.0.jar:/home/pedromn35/.m2/repository/io/smallrye/reactive/smallrye-mutiny-vertx-bridge-common/3.12.0/smallrye-mutiny-vertx-bridge-common-3.12.0.jar:/home/pedromn35/.m2/repository/io/smallrye/reactive/smallrye-mutiny-vertx-uri-template/3.12.0/smallrye-mutiny-vertx-uri-template-3.12.0.jar:/home/pedromn35/.m2/repository/io/vertx/vertx-uri-template/4.5.7/vertx-uri-template-4.5.7.jar:/home/pedromn35/.m2/repository/io/github/crac/org-crac/0.1.3/org-crac-0.1.3.jar:/home/pedromn35/.m2/repository/io/quarkus/quarkus-jsonp/3.12.3/quarkus-jsonp-3.12.3.jar:/home/pedromn35/.m2/repository/org/eclipse/parsson/parsson/1.1.6/parsson-1.1.6.jar:/home/pedromn35/.m2/repository/io/quarkus/quarkus-virtual-threads/3.12.3/quarkus-virtual-threads-3.12.3.jar:/home/pedromn35/.m2/repository/io/vertx/vertx-core/4.5.7/vertx-core-4.5.7.jar:/home/pedromn35/.m2/repository/io/netty/netty-common/4.1.108.Final/netty-common-4.1.108.Final.jar:/home/pedromn35/.m2/repository/io/netty/netty-buffer/4.1.108.Final/netty-buffer-4.1.108.Final.jar:/home/pedromn35/.m2/repository/io/netty/netty-transport/4.1.108.Final/netty-transport-4.1.108.Final.jar:/home/pedromn35/.m2/repository/io/netty/netty-handler/4.1.108.Final/netty-handler-4.1.108.Final.jar:/home/pedromn35/.m2/repository/io/netty/netty-transport-native-unix-common/4.1.108.Final/netty-transport-native-unix-common-4.1.108.Final.jar:/home/pedromn35/.m2/repository/io/netty/netty-handler-proxy/4.1.108.Final/netty-handler-proxy-4.1.108.Final.jar:/home/pedromn35/.m2/repository/io/netty/netty-codec-socks/4.1.108.Final/netty-codec-socks-4.1.108.Final.jar:/home/pedromn35/.m2/repository/io/netty/netty-codec-http/4.1.108.Final/netty-codec-http-4.1.108.Final.jar:/home/pedromn35/.m2/repository/io/netty/netty-codec-http2/4.1.108.Final/netty-codec-http2-4.1.108.Final.jar:/home/pedromn35/.m2/repository/io/netty/netty-resolver/4.1.108.Final/netty-resolver-4.1.108.Final.jar:/home/pedromn35/.m2/repository/io/netty/netty-resolver-dns/4.1.108.Final/netty-resolver-dns-4.1.108.Final.jar:/home/pedromn35/.m2/repository/io/netty/netty-codec-dns/4.1.108.Final/netty-codec-dns-4.1.108.Final.jar:/home/pedromn35/.m2/repository/com/fasterxml/jackson/core/jackson-core/2.17.2/jackson-core-2.17.2.jar:/home/pedromn35/.m2/repository/io/quarkus/quarkus-rest-jackson/3.12.3/quarkus-rest-jackson-3.12.3.jar:/home/pedromn35/.m2/repository/io/quarkus/quarkus-rest-jackson-common/3.12.3/quarkus-rest-jackson-common-3.12.3.jar:/home/pedromn35/.m2/repository/io/quarkus/quarkus-jackson/3.12.3/quarkus-jackson-3.12.3.jar:/home/pedromn35/.m2/repository/com/fasterxml/jackson/datatype/jackson-datatype-jsr310/2.17.2/jackson-datatype-jsr310-2.17.2.jar:/home/pedromn35/.m2/repository/com/fasterxml/jackson/datatype/jackson-datatype-jdk8/2.17.2/jackson-datatype-jdk8-2.17.2.jar:/home/pedromn35/.m2/repository/com/fasterxml/jackson/module/jackson-module-parameter-names/2.17.2/jackson-module-parameter-names-2.17.2.jar:/home/pedromn35/.m2/repository/io/quarkus/quarkus-hibernate-orm-panache/3.12.3/quarkus-hibernate-orm-panache-3.12.3.jar:/home/pedromn35/.m2/repository/io/quarkus/quarkus-hibernate-orm-panache-common/3.12.3/quarkus-hibernate-orm-panache-common-3.12.3.jar:/home/pedromn35/.m2/repository/io/quarkus/quarkus-panache-hibernate-common/3.12.3/quarkus-panache-hibernate-common-3.12.3.jar:/home/pedromn35/.m2/repository/io/quarkus/quarkus-panache-common/3.12.3/quarkus-panache-common-3.12.3.jar:/home/pedromn35/.m2/repository/io/quarkus/quarkus-jdbc-postgresql/3.12.3/quarkus-jdbc-postgresql-3.12.3.jar:/home/pedromn35/.m2/repository/org/postgresql/postgresql/42.7.3/postgresql-42.7.3.jar:/home/pedromn35/.m2/repository/io/quarkus/quarkus-arc/3.12.3/quarkus-arc-3.12.3.jar:/home/pedromn35/.m2/repository/io/quarkus/arc/arc/3.12.3/arc-3.12.3.jar:/home/pedromn35/.m2/repository/io/smallrye/reactive/mutiny/2.6.0/mutiny-2.6.0.jar:/home/pedromn35/.m2/repository/org/jctools/jctools-core/4.0.3/jctools-core-4.0.3.jar:/home/pedromn35/.m2/repository/org/eclipse/microprofile/context-propagation/microprofile-context-propagation-api/1.3/microprofile-context-propagation-api-1.3.jar:/home/pedromn35/.m2/repository/io/quarkus/quarkus-hibernate-orm/3.12.3/quarkus-hibernate-orm-3.12.3.jar:/home/pedromn35/.m2/repository/io/quarkus/quarkus-agroal/3.12.3/quarkus-agroal-3.12.3.jar:/home/pedromn35/.m2/repository/io/quarkus/quarkus-datasource/3.12.3/quarkus-datasource-3.12.3.jar:/home/pedromn35/.m2/repository/io/agroal/agroal-api/2.4/agroal-api-2.4.jar:/home/pedromn35/.m2/repository/io/agroal/agroal-narayana/2.4/agroal-narayana-2.4.jar:/home/pedromn35/.m2/repository/org/jboss/jboss-transaction-spi/8.0.0.Final/jboss-transaction-spi-8.0.0.Final.jar:/home/pedromn35/.m2/repository/io/agroal/agroal-pool/2.4/agroal-pool-2.4.jar:/home/pedromn35/.m2/repository/io/quarkus/quarkus-narayana-jta/3.12.3/quarkus-narayana-jta-3.12.3.jar:/home/pedromn35/.m2/repository/io/quarkus/quarkus-transaction-annotations/3.12.3/quarkus-transaction-annotations-3.12.3.jar:/home/pedromn35/.m2/repository/io/quarkus/quarkus-datasource-common/3.12.3/quarkus-datasource-common-3.12.3.jar:/home/pedromn35/.m2/repository/io/smallrye/smallrye-context-propagation-jta/2.1.2/smallrye-context-propagation-jta-2.1.2.jar:/home/pedromn35/.m2/repository/io/smallrye/reactive/smallrye-reactive-converter-api/3.0.1/smallrye-reactive-converter-api-3.0.1.jar:/home/pedromn35/.m2/repository/io/smallrye/reactive/smallrye-reactive-converter-mutiny/3.0.1/smallrye-reactive-converter-mutiny-3.0.1.jar:/home/pedromn35/.m2/repository/io/smallrye/reactive/mutiny-zero-flow-adapters/1.1.0/mutiny-zero-flow-adapters-1.1.0.jar:/home/pedromn35/.m2/repository/org/jboss/narayana/jta/narayana-jta/7.0.2.Final/narayana-jta-7.0.2.Final.jar:/home/pedromn35/.m2/repository/jakarta/resource/jakarta.resource-api/2.1.0/jakarta.resource-api-2.1.0.jar:/home/pedromn35/.m2/repository/org/jboss/invocation/jboss-invocation/2.0.0.Final/jboss-invocation-2.0.0.Final.jar:/home/pedromn35/.m2/repository/org/eclipse/microprofile/reactive-streams-operators/microprofile-reactive-streams-operators-api/3.0/microprofile-reactive-streams-operators-api-3.0.jar:/home/pedromn35/.m2/repository/org/jboss/narayana/jts/narayana-jts-integration/7.0.2.Final/narayana-jts-integration-7.0.2.Final.jar:/home/pedromn35/.m2/repository/org/hibernate/orm/hibernate-core/6.5.2.Final/hibernate-core-6.5.2.Final.jar:/home/pedromn35/.m2/repository/com/fasterxml/classmate/1.7.0/classmate-1.7.0.jar:/home/pedromn35/.m2/repository/org/antlr/antlr4-runtime/4.13.0/antlr4-runtime-4.13.0.jar:/home/pedromn35/.m2/repository/net/bytebuddy/byte-buddy/1.14.15/byte-buddy-1.14.15.jar:/home/pedromn35/.m2/repository/org/hibernate/common/hibernate-commons-annotations/6.0.6.Final/hibernate-commons-annotations-6.0.6.Final.jar:/home/pedromn35/.m2/repository/org/hibernate/orm/hibernate-graalvm/6.5.2.Final/hibernate-graalvm-6.5.2.Final.jar:/home/pedromn35/.m2/repository/org/glassfish/jaxb/jaxb-runtime/4.0.5/jaxb-runtime-4.0.5.jar:/home/pedromn35/.m2/repository/org/glassfish/jaxb/jaxb-core/4.0.5/jaxb-core-4.0.5.jar:/home/pedromn35/.m2/repository/org/eclipse/angus/angus-activation/2.0.2/angus-activation-2.0.2.jar:/home/pedromn35/.m2/repository/org/glassfish/jaxb/txw2/4.0.5/txw2-4.0.5.jar:/home/pedromn35/.m2/repository/com/sun/istack/istack-commons-runtime/4.1.2/istack-commons-runtime-4.1.2.jar:/home/pedromn35/.m2/repository/jakarta/xml/bind/jakarta.xml.bind-api/4.0.2/jakarta.xml.bind-api-4.0.2.jar:/home/pedromn35/.m2/repository/jakarta/activation/jakarta.activation-api/2.1.3/jakarta.activation-api-2.1.3.jar:/home/pedromn35/.m2/repository/jakarta/persistence/jakarta.persistence-api/3.1.0/jakarta.persistence-api-3.1.0.jar:/home/pedromn35/.m2/repository/jakarta/transaction/jakarta.transaction-api/2.0.1/jakarta.transaction-api-2.0.1.jar:/home/pedromn35/.m2/repository/org/hibernate/quarkus-local-cache/0.3.0/quarkus-local-cache-0.3.0.jar:/home/pedromn35/.m2/repository/io/quarkus/quarkus-caffeine/3.12.3/quarkus-caffeine-3.12.3.jar:/home/pedromn35/.m2/repository/com/github/ben-manes/caffeine/caffeine/3.1.5/caffeine-3.1.5.jar:/home/pedromn35/.m2/repository/com/google/errorprone/error_prone_annotations/2.28.0/error_prone_annotations-2.28.0.jar:/home/pedromn35/.m2/repository/io/quarkus/quarkus-rest-client-jackson/3.12.3/quarkus-rest-client-jackson-3.12.3.jar:/home/pedromn35/.m2/repository/io/quarkus/resteasy/reactive/resteasy-reactive-jackson/3.12.3/resteasy-reactive-jackson-3.12.3.jar:/home/pedromn35/.m2/repository/com/fasterxml/jackson/core/jackson-databind/2.17.2/jackson-databind-2.17.2.jar:/home/pedromn35/.m2/repository/com/fasterxml/jackson/core/jackson-annotations/2.17.2/jackson-annotations-2.17.2.jar:/home/pedromn35/.m2/repository/io/quarkus/quarkus-rest-client/3.12.3/quarkus-rest-client-3.12.3.jar:/home/pedromn35/.m2/repository/io/quarkus/quarkus-rest-client-jaxrs/3.12.3/quarkus-rest-client-jaxrs-3.12.3.jar:/home/pedromn35/.m2/repository/io/quarkus/resteasy/reactive/resteasy-reactive-client/3.12.3/resteasy-reactive-client-3.12.3.jar:/home/pedromn35/.m2/repository/io/vertx/vertx-web-client/4.5.7/vertx-web-client-4.5.7.jar:/home/pedromn35/.m2/repository/io/quarkus/quarkus-smallrye-stork/3.12.3/quarkus-smallrye-stork-3.12.3.jar:/home/pedromn35/.m2/repository/io/quarkus/quarkus-rest-client-config/3.12.3/quarkus-rest-client-config-3.12.3.jar:/home/pedromn35/.m2/repository/io/smallrye/stork/stork-api/2.6.0/stork-api-2.6.0.jar:/home/pedromn35/.m2/repository/io/smallrye/stork/stork-core/2.6.0/stork-core-2.6.0.jar:/home/pedromn35/.m2/repository/org/eclipse/microprofile/rest/client/microprofile-rest-client-api/3.0.1/microprofile-rest-client-api-3.0.1.jar:/home/pedromn35/.m2/repository/io/quarkus/quarkus-junit5/3.12.3/quarkus-junit5-3.12.3.jar:/home/pedromn35/.m2/repository/io/quarkus/quarkus-bootstrap-core/3.12.3/quarkus-bootstrap-core-3.12.3.jar:/home/pedromn35/.m2/repository/io/quarkus/quarkus-classloader-commons/3.12.3/quarkus-classloader-commons-3.12.3.jar:/home/pedromn35/.m2/repository/io/quarkus/quarkus-bootstrap-app-model/3.12.3/quarkus-bootstrap-app-model-3.12.3.jar:/home/pedromn35/.m2/repository/io/smallrye/common/smallrye-common-io/2.3.0/smallrye-common-io-2.3.0.jar:/home/pedromn35/.m2/repository/org/eclipse/sisu/org.eclipse.sisu.inject/0.9.0.M3/org.eclipse.sisu.inject-0.9.0.M3.jar:/home/pedromn35/.m2/repository/io/quarkus/quarkus-test-common/3.12.3/quarkus-test-common-3.12.3.jar:/home/pedromn35/.m2/repository/io/quarkus/quarkus-core-deployment/3.12.3/quarkus-core-deployment-3.12.3.jar:/home/pedromn35/.m2/repository/org/aesh/readline/2.6/readline-2.6.jar:/home/pedromn35/.m2/repository/org/fusesource/jansi/jansi/2.4.0/jansi-2.4.0.jar:/home/pedromn35/.m2/repository/org/aesh/aesh/2.8.2/aesh-2.8.2.jar:/home/pedromn35/.m2/repository/io/quarkus/gizmo/gizmo/1.8.0/gizmo-1.8.0.jar:/home/pedromn35/.m2/repository/org/ow2/asm/asm-util/9.7/asm-util-9.7.jar:/home/pedromn35/.m2/repository/org/ow2/asm/asm-analysis/9.7/asm-analysis-9.7.jar:/home/pedromn35/.m2/repository/org/ow2/asm/asm/9.7/asm-9.7.jar:/home/pedromn35/.m2/repository/org/ow2/asm/asm-commons/9.7/asm-commons-9.7.jar:/home/pedromn35/.m2/repository/org/ow2/asm/asm-tree/9.7/asm-tree-9.7.jar:/home/pedromn35/.m2/repository/io/quarkus/quarkus-hibernate-validator-spi/3.12.3/quarkus-hibernate-validator-spi-3.12.3.jar:/home/pedromn35/.m2/repository/io/quarkus/quarkus-class-change-agent/3.12.3/quarkus-class-change-agent-3.12.3.jar:/home/pedromn35/.m2/repository/io/quarkus/quarkus-devtools-utilities/3.12.3/quarkus-devtools-utilities-3.12.3.jar:/home/pedromn35/.m2/repository/io/quarkus/quarkus-builder/3.12.3/quarkus-builder-3.12.3.jar:/home/pedromn35/.m2/repository/org/graalvm/sdk/nativeimage/23.1.2/nativeimage-23.1.2.jar:/home/pedromn35/.m2/repository/org/graalvm/sdk/word/23.1.2/word-23.1.2.jar:/home/pedromn35/.m2/repository/org/junit/platform/junit-platform-launcher/1.10.2/junit-platform-launcher-1.10.2.jar:/home/pedromn35/.m2/repository/io/quarkus/quarkus-bootstrap-maven-resolver/3.12.3/quarkus-bootstrap-maven-resolver-3.12.3.jar:/home/pedromn35/.m2/repository/io/smallrye/beanbag/smallrye-beanbag-maven/1.5.2/smallrye-beanbag-maven-1.5.2.jar:/home/pedromn35/.m2/repository/io/smallrye/beanbag/smallrye-beanbag-sisu/1.5.2/smallrye-beanbag-sisu-1.5.2.jar:/home/pedromn35/.m2/repository/io/smallrye/beanbag/smallrye-beanbag/1.5.2/smallrye-beanbag-1.5.2.jar:/home/pedromn35/.m2/repository/javax/inject/javax.inject/1/javax.inject-1.jar:/home/pedromn35/.m2/repository/org/apache/maven/maven-artifact/3.9.8/maven-artifact-3.9.8.jar:/home/pedromn35/.m2/repository/org/apache/maven/maven-builder-support/3.9.8/maven-builder-support-3.9.8.jar:/home/pedromn35/.m2/repository/org/apache/maven/maven-model/3.9.8/maven-model-3.9.8.jar:/home/pedromn35/.m2/repository/org/apache/maven/maven-model-builder/3.9.8/maven-model-builder-3.9.8.jar:/home/pedromn35/.m2/repository/org/apache/maven/maven-repository-metadata/3.9.8/maven-repository-metadata-3.9.8.jar:/home/pedromn35/.m2/repository/org/apache/maven/maven-settings/3.9.8/maven-settings-3.9.8.jar:/home/pedromn35/.m2/repository/org/apache/maven/resolver/maven-resolver-api/1.9.20/maven-resolver-api-1.9.20.jar:/home/pedromn35/.m2/repository/org/apache/maven/resolver/maven-resolver-impl/1.9.20/maven-resolver-impl-1.9.20.jar:/home/pedromn35/.m2/repository/org/apache/maven/resolver/maven-resolver-named-locks/1.9.20/maven-resolver-named-locks-1.9.20.jar:/home/pedromn35/.m2/repository/org/apache/maven/resolver/maven-resolver-spi/1.9.20/maven-resolver-spi-1.9.20.jar:/home/pedromn35/.m2/repository/org/apache/maven/resolver/maven-resolver-util/1.9.20/maven-resolver-util-1.9.20.jar:/home/pedromn35/.m2/repository/org/apache/maven/resolver/maven-resolver-transport-http/1.9.20/maven-resolver-transport-http-1.9.20.jar:/home/pedromn35/.m2/repository/org/apache/maven/wagon/wagon-provider-api/3.5.3/wagon-provider-api-3.5.3.jar:/home/pedromn35/.m2/repository/org/apache/maven/wagon/wagon-http-shared/3.5.3/wagon-http-shared-3.5.3.jar:/home/pedromn35/.m2/repository/org/codehaus/plexus/plexus-interpolation/1.26/plexus-interpolation-1.26.jar:/home/pedromn35/.m2/repository/org/codehaus/plexus/plexus-utils/3.5.1/plexus-utils-3.5.1.jar:/home/pedromn35/.m2/repository/org/codehaus/plexus/plexus-xml/4.0.1/plexus-xml-4.0.1.jar:/home/pedromn35/.m2/repository/org/apache/maven/maven-xml-impl/4.0.0-alpha-5/maven-xml-impl-4.0.0-alpha-5.jar:/home/pedromn35/.m2/repository/org/apache/maven/maven-api-xml/4.0.0-alpha-5/maven-api-xml-4.0.0-alpha-5.jar:/home/pedromn35/.m2/repository/org/apache/maven/maven-api-meta/4.0.0-alpha-5/maven-api-meta-4.0.0-alpha-5.jar:/home/pedromn35/.m2/repository/org/codehaus/plexus/plexus-cipher/2.0/plexus-cipher-2.0.jar:/home/pedromn35/.m2/repository/org/codehaus/plexus/plexus-sec-dispatcher/2.0/plexus-sec-dispatcher-2.0.jar:/home/pedromn35/.m2/repository/org/apache/maven/maven-embedder/3.9.8/maven-embedder-3.9.8.jar:/home/pedromn35/.m2/repository/org/apache/maven/maven-core/3.9.8/maven-core-3.9.8.jar:/home/pedromn35/.m2/repository/org/codehaus/plexus/plexus-component-annotations/2.1.0/plexus-component-annotations-2.1.0.jar:/home/pedromn35/.m2/repository/org/apache/maven/maven-plugin-api/3.9.8/maven-plugin-api-3.9.8.jar:/home/pedromn35/.m2/repository/org/apache/maven/shared/maven-shared-utils/3.4.2/maven-shared-utils-3.4.2.jar:/home/pedromn35/.m2/repository/com/google/inject/guice/5.1.0/guice-5.1.0.jar:/home/pedromn35/.m2/repository/aopalliance/aopalliance/1.0/aopalliance-1.0.jar:/home/pedromn35/.m2/repository/com/google/guava/guava/33.2.1-jre/guava-33.2.1-jre.jar:/home/pedromn35/.m2/repository/com/google/guava/failureaccess/1.0.1/failureaccess-1.0.1.jar:/home/pedromn35/.m2/repository/javax/annotation/javax.annotation-api/1.3.2/javax.annotation-api-1.3.2.jar:/home/pedromn35/.m2/repository/org/codehaus/plexus/plexus-classworlds/2.6.0/plexus-classworlds-2.6.0.jar:/home/pedromn35/.m2/repository/commons-cli/commons-cli/1.8.0/commons-cli-1.8.0.jar:/home/pedromn35/.m2/repository/org/eclipse/sisu/org.eclipse.sisu.plexus/0.9.0.M3/org.eclipse.sisu.plexus-0.9.0.M3.jar:/home/pedromn35/.m2/repository/org/apache/maven/maven-settings-builder/3.9.8/maven-settings-builder-3.9.8.jar:/home/pedromn35/.m2/repository/org/apache/maven/maven-resolver-provider/3.9.8/maven-resolver-provider-3.9.8.jar:/home/pedromn35/.m2/repository/org/apache/maven/resolver/maven-resolver-connector-basic/1.9.20/maven-resolver-connector-basic-1.9.20.jar:/home/pedromn35/.m2/repository/org/apache/maven/resolver/maven-resolver-transport-wagon/1.9.20/maven-resolver-transport-wagon-1.9.20.jar:/home/pedromn35/.m2/repository/org/apache/maven/wagon/wagon-http/3.5.3/wagon-http-3.5.3.jar:/home/pedromn35/.m2/repository/org/apache/maven/wagon/wagon-file/3.5.3/wagon-file-3.5.3.jar:/home/pedromn35/.m2/repository/io/quarkus/quarkus-bootstrap-gradle-resolver/3.12.3/quarkus-bootstrap-gradle-resolver-3.12.3.jar:/home/pedromn35/.m2/repository/io/smallrye/jandex/3.2.0/jandex-3.2.0.jar:/home/pedromn35/.m2/repository/commons-io/commons-io/2.16.1/commons-io-2.16.1.jar:/home/pedromn35/.m2/repository/io/quarkus/quarkus-junit5-properties/3.12.3/quarkus-junit5-properties-3.12.3.jar:/home/pedromn35/.m2/repository/org/junit/jupiter/junit-jupiter/5.10.2/junit-jupiter-5.10.2.jar:/home/pedromn35/.m2/repository/org/junit/jupiter/junit-jupiter-api/5.10.2/junit-jupiter-api-5.10.2.jar:/home/pedromn35/.m2/repository/org/opentest4j/opentest4j/1.3.0/opentest4j-1.3.0.jar:/home/pedromn35/.m2/repository/org/junit/platform/junit-platform-commons/1.10.2/junit-platform-commons-1.10.2.jar:/home/pedromn35/.m2/repository/org/apiguardian/apiguardian-api/1.1.2/apiguardian-api-1.1.2.jar:/home/pedromn35/.m2/repository/org/junit/jupiter/junit-jupiter-params/5.10.2/junit-jupiter-params-5.10.2.jar:/home/pedromn35/.m2/repository/org/junit/jupiter/junit-jupiter-engine/5.10.2/junit-jupiter-engine-5.10.2.jar:/home/pedromn35/.m2/repository/org/junit/platform/junit-platform-engine/1.10.2/junit-platform-engine-1.10.2.jar:/home/pedromn35/.m2/repository/com/thoughtworks/xstream/xstream/1.4.20/xstream-1.4.20.jar:/home/pedromn35/.m2/repository/io/github/x-stream/mxparser/1.2.2/mxparser-1.2.2.jar:/home/pedromn35/.m2/repository/xmlpull/xmlpull/1.1.3.1/xmlpull-1.1.3.1.jar:/home/pedromn35/.m2/repository/io/rest-assured/rest-assured/5.4.0/rest-assured-5.4.0.jar:/home/pedromn35/.m2/repository/org/apache/groovy/groovy/4.0.16/groovy-4.0.16.jar:/home/pedromn35/.m2/repository/org/apache/groovy/groovy-xml/4.0.16/groovy-xml-4.0.16.jar:/home/pedromn35/.m2/repository/org/apache/httpcomponents/httpclient/4.5.14/httpclient-4.5.14.jar:/home/pedromn35/.m2/repository/org/apache/httpcomponents/httpcore/4.4.16/httpcore-4.4.16.jar:/home/pedromn35/.m2/repository/commons-codec/commons-codec/1.17.0/commons-codec-1.17.0.jar:/home/pedromn35/.m2/repository/org/apache/httpcomponents/httpmime/4.5.14/httpmime-4.5.14.jar:/home/pedromn35/.m2/repository/org/hamcrest/hamcrest/2.2/hamcrest-2.2.jar:/home/pedromn35/.m2/repository/org/ccil/cowan/tagsoup/tagsoup/1.2.1/tagsoup-1.2.1.jar:/home/pedromn35/.m2/repository/io/rest-assured/json-path/5.4.0/json-path-5.4.0.jar:/home/pedromn35/.m2/repository/org/apache/groovy/groovy-json/4.0.16/groovy-json-4.0.16.jar:/home/pedromn35/.m2/repository/io/rest-assured/rest-assured-common/5.4.0/rest-assured-common-5.4.0.jar:/home/pedromn35/.m2/repository/io/rest-assured/xml-path/5.4.0/xml-path-5.4.0.jar:/home/pedromn35/.m2/repository/org/apache/commons/commons-lang3/3.14.0/commons-lang3-3.14.0.jar:"/>
    <property name="java.vm.vendor" value="Oracle Corporation"/>
    <property name="sun.arch.data.model" value="64"/>
    <property name="java.vendor.url" value="https://java.oracle.com/"/>
    <property name="user.timezone" value="Europe/Paris"/>
    <property name="logging.initial-configurator.min-level" value="500"/>
    <property name="os.name" value="Linux"/>
    <property name="java.vm.specification.version" value="21"/>
    <property name="sun.java.launcher" value="SUN_STANDARD"/>
    <property name="user.country" value="US"/>
    <property name="groovy.use.classvalue" value="false"/>
    <property name="sun.boot.library.path" value="/usr/lib/jvm/java-21-openjdk/lib"/>
    <property name="sun.java.command" value="/run/media/pedromn35/disk2-home/projects/quarkus-rest-hlf-network/target/surefire/surefirebooter-20240727150519609_3.jar /run/media/pedromn35/disk2-home/projects/quarkus-rest-hlf-network/target/surefire 2024-07-27T15-05-19_556-jvmRun1 surefire-20240727150519609_1tmp surefire_0-20240727150519609_2tmp"/>
    <property name="jdk.debug" value="release"/>
    <property name="maven.home" value="/usr/share/java/maven"/>
    <property name="surefire.test.class.path" value="/run/media/pedromn35/disk2-home/projects/quarkus-rest-hlf-network/target/test-classes:/run/media/pedromn35/disk2-home/projects/quarkus-rest-hlf-network/target/classes:/home/pedromn35/.m2/repository/org/projectlombok/lombok/1.18.34/lombok-1.18.34.jar:/home/pedromn35/.m2/repository/org/mapstruct/mapstruct/1.3.1.Final/mapstruct-1.3.1.Final.jar:/home/pedromn35/.m2/repository/org/mapstruct/mapstruct-processor/1.3.1.Final/mapstruct-processor-1.3.1.Final.jar:/home/pedromn35/.m2/repository/io/quarkiverse/openapi/generator/quarkus-openapi-generator/2.4.2/quarkus-openapi-generator-2.4.2.jar:/home/pedromn35/.m2/repository/io/quarkus/quarkus-core/3.12.3/quarkus-core-3.12.3.jar:/home/pedromn35/.m2/repository/jakarta/annotation/jakarta.annotation-api/3.0.0/jakarta.annotation-api-3.0.0.jar:/home/pedromn35/.m2/repository/jakarta/enterprise/jakarta.enterprise.cdi-api/4.1.0/jakarta.enterprise.cdi-api-4.1.0.jar:/home/pedromn35/.m2/repository/jakarta/enterprise/jakarta.enterprise.lang-model/4.1.0/jakarta.enterprise.lang-model-4.1.0.jar:/home/pedromn35/.m2/repository/jakarta/el/jakarta.el-api/5.0.1/jakarta.el-api-5.0.1.jar:/home/pedromn35/.m2/repository/jakarta/interceptor/jakarta.interceptor-api/2.2.0/jakarta.interceptor-api-2.2.0.jar:/home/pedromn35/.m2/repository/jakarta/inject/jakarta.inject-api/2.0.1/jakarta.inject-api-2.0.1.jar:/home/pedromn35/.m2/repository/io/smallrye/common/smallrye-common-os/2.3.0/smallrye-common-os-2.3.0.jar:/home/pedromn35/.m2/repository/io/quarkus/quarkus-ide-launcher/3.12.3/quarkus-ide-launcher-3.12.3.jar:/home/pedromn35/.m2/repository/io/quarkus/quarkus-development-mode-spi/3.12.3/quarkus-development-mode-spi-3.12.3.jar:/home/pedromn35/.m2/repository/io/smallrye/config/smallrye-config/3.8.3/smallrye-config-3.8.3.jar:/home/pedromn35/.m2/repository/io/smallrye/config/smallrye-config-core/3.8.3/smallrye-config-core-3.8.3.jar:/home/pedromn35/.m2/repository/org/eclipse/microprofile/config/microprofile-config-api/3.1/microprofile-config-api-3.1.jar:/home/pedromn35/.m2/repository/io/smallrye/common/smallrye-common-classloader/2.3.0/smallrye-common-classloader-2.3.0.jar:/home/pedromn35/.m2/repository/io/smallrye/config/smallrye-config-common/3.8.3/smallrye-config-common-3.8.3.jar:/home/pedromn35/.m2/repository/org/jboss/logging/jboss-logging/3.6.0.Final/jboss-logging-3.6.0.Final.jar:/home/pedromn35/.m2/repository/org/jboss/logmanager/jboss-logmanager/3.0.6.Final/jboss-logmanager-3.0.6.Final.jar:/home/pedromn35/.m2/repository/io/smallrye/common/smallrye-common-constraint/2.3.0/smallrye-common-constraint-2.3.0.jar:/home/pedromn35/.m2/repository/io/smallrye/common/smallrye-common-cpu/2.3.0/smallrye-common-cpu-2.3.0.jar:/home/pedromn35/.m2/repository/io/smallrye/common/smallrye-common-expression/2.3.0/smallrye-common-expression-2.3.0.jar:/home/pedromn35/.m2/repository/io/smallrye/common/smallrye-common-function/2.3.0/smallrye-common-function-2.3.0.jar:/home/pedromn35/.m2/repository/io/smallrye/common/smallrye-common-net/2.3.0/smallrye-common-net-2.3.0.jar:/home/pedromn35/.m2/repository/io/smallrye/common/smallrye-common-ref/2.3.0/smallrye-common-ref-2.3.0.jar:/home/pedromn35/.m2/repository/jakarta/json/jakarta.json-api/2.1.3/jakarta.json-api-2.1.3.jar:/home/pedromn35/.m2/repository/org/jboss/logging/jboss-logging-annotations/2.2.1.Final/jboss-logging-annotations-2.2.1.Final.jar:/home/pedromn35/.m2/repository/org/jboss/threads/jboss-threads/3.6.1.Final/jboss-threads-3.6.1.Final.jar:/home/pedromn35/.m2/repository/org/slf4j/slf4j-api/2.0.6/slf4j-api-2.0.6.jar:/home/pedromn35/.m2/repository/org/jboss/slf4j/slf4j-jboss-logmanager/2.0.0.Final/slf4j-jboss-logmanager-2.0.0.Final.jar:/home/pedromn35/.m2/repository/org/wildfly/common/wildfly-common/1.7.0.Final/wildfly-common-1.7.0.Final.jar:/home/pedromn35/.m2/repository/io/quarkus/quarkus-bootstrap-runner/3.12.3/quarkus-bootstrap-runner-3.12.3.jar:/home/pedromn35/.m2/repository/io/quarkus/quarkus-fs-util/0.0.10/quarkus-fs-util-0.0.10.jar:/home/pedromn35/.m2/repository/io/quarkus/quarkus-qute/3.12.3/quarkus-qute-3.12.3.jar:/home/pedromn35/.m2/repository/io/quarkus/qute/qute-core/3.12.3/qute-core-3.12.3.jar:/home/pedromn35/.m2/repository/io/quarkiverse/groovy/quarkus-groovy-junit5/3.12.1/quarkus-groovy-junit5-3.12.1.jar:/home/pedromn35/.m2/repository/io/quarkiverse/groovy/quarkus-groovy/3.12.1/quarkus-groovy-3.12.1.jar:/home/pedromn35/.m2/repository/io/quarkus/quarkus-rest/3.12.3/quarkus-rest-3.12.3.jar:/home/pedromn35/.m2/repository/io/quarkus/quarkus-rest-common/3.12.3/quarkus-rest-common-3.12.3.jar:/home/pedromn35/.m2/repository/io/quarkus/resteasy/reactive/resteasy-reactive-common/3.12.3/resteasy-reactive-common-3.12.3.jar:/home/pedromn35/.m2/repository/io/quarkus/resteasy/reactive/resteasy-reactive-common-types/3.12.3/resteasy-reactive-common-types-3.12.3.jar:/home/pedromn35/.m2/repository/org/reactivestreams/reactive-streams/1.0.4/reactive-streams-1.0.4.jar:/home/pedromn35/.m2/repository/io/smallrye/common/smallrye-common-annotation/2.3.0/smallrye-common-annotation-2.3.0.jar:/home/pedromn35/.m2/repository/io/quarkus/quarkus-mutiny/3.12.3/quarkus-mutiny-3.12.3.jar:/home/pedromn35/.m2/repository/io/quarkus/quarkus-smallrye-context-propagation/3.12.3/quarkus-smallrye-context-propagation-3.12.3.jar:/home/pedromn35/.m2/repository/io/smallrye/smallrye-context-propagation/2.1.2/smallrye-context-propagation-2.1.2.jar:/home/pedromn35/.m2/repository/io/smallrye/smallrye-context-propagation-api/2.1.2/smallrye-context-propagation-api-2.1.2.jar:/home/pedromn35/.m2/repository/io/smallrye/smallrye-context-propagation-storage/2.1.2/smallrye-context-propagation-storage-2.1.2.jar:/home/pedromn35/.m2/repository/io/smallrye/reactive/mutiny-smallrye-context-propagation/2.6.0/mutiny-smallrye-context-propagation-2.6.0.jar:/home/pedromn35/.m2/repository/io/quarkus/quarkus-vertx/3.12.3/quarkus-vertx-3.12.3.jar:/home/pedromn35/.m2/repository/io/quarkus/quarkus-netty/3.12.3/quarkus-netty-3.12.3.jar:/home/pedromn35/.m2/repository/io/netty/netty-codec/4.1.108.Final/netty-codec-4.1.108.Final.jar:/home/pedromn35/.m2/repository/com/aayushatharva/brotli4j/brotli4j/1.16.0/brotli4j-1.16.0.jar:/home/pedromn35/.m2/repository/com/aayushatharva/brotli4j/service/1.16.0/service-1.16.0.jar:/home/pedromn35/.m2/repository/com/aayushatharva/brotli4j/native-linux-x86_64/1.16.0/native-linux-x86_64-1.16.0.jar:/home/pedromn35/.m2/repository/io/netty/netty-codec-haproxy/4.1.108.Final/netty-codec-haproxy-4.1.108.Final.jar:/home/pedromn35/.m2/repository/io/quarkus/quarkus-vertx-latebound-mdc-provider/3.12.3/quarkus-vertx-latebound-mdc-provider-3.12.3.jar:/home/pedromn35/.m2/repository/io/smallrye/smallrye-fault-tolerance-vertx/6.3.0/smallrye-fault-tolerance-vertx-6.3.0.jar:/home/pedromn35/.m2/repository/io/quarkus/resteasy/reactive/resteasy-reactive-vertx/3.12.3/resteasy-reactive-vertx-3.12.3.jar:/home/pedromn35/.m2/repository/io/vertx/vertx-web/4.5.7/vertx-web-4.5.7.jar:/home/pedromn35/.m2/repository/io/vertx/vertx-web-common/4.5.7/vertx-web-common-4.5.7.jar:/home/pedromn35/.m2/repository/io/vertx/vertx-auth-common/4.5.7/vertx-auth-common-4.5.7.jar:/home/pedromn35/.m2/repository/io/vertx/vertx-bridge-common/4.5.7/vertx-bridge-common-4.5.7.jar:/home/pedromn35/.m2/repository/io/smallrye/reactive/smallrye-mutiny-vertx-core/3.12.0/smallrye-mutiny-vertx-core-3.12.0.jar:/home/pedromn35/.m2/repository/io/smallrye/reactive/smallrye-mutiny-vertx-runtime/3.12.0/smallrye-mutiny-vertx-runtime-3.12.0.jar:/home/pedromn35/.m2/repository/io/smallrye/reactive/vertx-mutiny-generator/3.12.0/vertx-mutiny-generator-3.12.0.jar:/home/pedromn35/.m2/repository/io/vertx/vertx-codegen/4.5.7/vertx-codegen-4.5.7.jar:/home/pedromn35/.m2/repository/io/quarkus/resteasy/reactive/resteasy-reactive/3.12.3/resteasy-reactive-3.12.3.jar:/home/pedromn35/.m2/repository/io/quarkus/vertx/utils/quarkus-vertx-utils/3.12.3/quarkus-vertx-utils-3.12.3.jar:/home/pedromn35/.m2/repository/jakarta/ws/rs/jakarta.ws.rs-api/3.1.0/jakarta.ws.rs-api-3.1.0.jar:/home/pedromn35/.m2/repository/org/jboss/logging/commons-logging-jboss-logging/1.0.0.Final/commons-logging-jboss-logging-1.0.0.Final.jar:/home/pedromn35/.m2/repository/io/quarkus/quarkus-vertx-http/3.12.3/quarkus-vertx-http-3.12.3.jar:/home/pedromn35/.m2/repository/io/quarkus/quarkus-security-runtime-spi/3.12.3/quarkus-security-runtime-spi-3.12.3.jar:/home/pedromn35/.m2/repository/io/quarkus/quarkus-tls-registry/3.12.3/quarkus-tls-registry-3.12.3.jar:/home/pedromn35/.m2/repository/io/quarkus/quarkus-credentials/3.12.3/quarkus-credentials-3.12.3.jar:/home/pedromn35/.m2/repository/io/smallrye/common/smallrye-common-vertx-context/2.3.0/smallrye-common-vertx-context-2.3.0.jar:/home/pedromn35/.m2/repository/io/quarkus/security/quarkus-security/2.1.0/quarkus-security-2.1.0.jar:/home/pedromn35/.m2/repository/io/smallrye/reactive/smallrye-mutiny-vertx-web/3.12.0/smallrye-mutiny-vertx-web-3.12.0.jar:/home/pedromn35/.m2/repository/io/smallrye/reactive/smallrye-mutiny-vertx-web-common/3.12.0/smallrye-mutiny-vertx-web-common-3.12.0.jar:/home/pedromn35/.m2/repository/io/smallrye/reactive/smallrye-mutiny-vertx-auth-common/3.12.0/smallrye-mutiny-vertx-auth-common-3.12.0.jar:/home/pedromn35/.m2/repository/io/smallrye/reactive/smallrye-mutiny-vertx-bridge-common/3.12.0/smallrye-mutiny-vertx-bridge-common-3.12.0.jar:/home/pedromn35/.m2/repository/io/smallrye/reactive/smallrye-mutiny-vertx-uri-template/3.12.0/smallrye-mutiny-vertx-uri-template-3.12.0.jar:/home/pedromn35/.m2/repository/io/vertx/vertx-uri-template/4.5.7/vertx-uri-template-4.5.7.jar:/home/pedromn35/.m2/repository/io/github/crac/org-crac/0.1.3/org-crac-0.1.3.jar:/home/pedromn35/.m2/repository/io/quarkus/quarkus-jsonp/3.12.3/quarkus-jsonp-3.12.3.jar:/home/pedromn35/.m2/repository/org/eclipse/parsson/parsson/1.1.6/parsson-1.1.6.jar:/home/pedromn35/.m2/repository/io/quarkus/quarkus-virtual-threads/3.12.3/quarkus-virtual-threads-3.12.3.jar:/home/pedromn35/.m2/repository/io/vertx/vertx-core/4.5.7/vertx-core-4.5.7.jar:/home/pedromn35/.m2/repository/io/netty/netty-common/4.1.108.Final/netty-common-4.1.108.Final.jar:/home/pedromn35/.m2/repository/io/netty/netty-buffer/4.1.108.Final/netty-buffer-4.1.108.Final.jar:/home/pedromn35/.m2/repository/io/netty/netty-transport/4.1.108.Final/netty-transport-4.1.108.Final.jar:/home/pedromn35/.m2/repository/io/netty/netty-handler/4.1.108.Final/netty-handler-4.1.108.Final.jar:/home/pedromn35/.m2/repository/io/netty/netty-transport-native-unix-common/4.1.108.Final/netty-transport-native-unix-common-4.1.108.Final.jar:/home/pedromn35/.m2/repository/io/netty/netty-handler-proxy/4.1.108.Final/netty-handler-proxy-4.1.108.Final.jar:/home/pedromn35/.m2/repository/io/netty/netty-codec-socks/4.1.108.Final/netty-codec-socks-4.1.108.Final.jar:/home/pedromn35/.m2/repository/io/netty/netty-codec-http/4.1.108.Final/netty-codec-http-4.1.108.Final.jar:/home/pedromn35/.m2/repository/io/netty/netty-codec-http2/4.1.108.Final/netty-codec-http2-4.1.108.Final.jar:/home/pedromn35/.m2/repository/io/netty/netty-resolver/4.1.108.Final/netty-resolver-4.1.108.Final.jar:/home/pedromn35/.m2/repository/io/netty/netty-resolver-dns/4.1.108.Final/netty-resolver-dns-4.1.108.Final.jar:/home/pedromn35/.m2/repository/io/netty/netty-codec-dns/4.1.108.Final/netty-codec-dns-4.1.108.Final.jar:/home/pedromn35/.m2/repository/com/fasterxml/jackson/core/jackson-core/2.17.2/jackson-core-2.17.2.jar:/home/pedromn35/.m2/repository/io/quarkus/quarkus-rest-jackson/3.12.3/quarkus-rest-jackson-3.12.3.jar:/home/pedromn35/.m2/repository/io/quarkus/quarkus-rest-jackson-common/3.12.3/quarkus-rest-jackson-common-3.12.3.jar:/home/pedromn35/.m2/repository/io/quarkus/quarkus-jackson/3.12.3/quarkus-jackson-3.12.3.jar:/home/pedromn35/.m2/repository/com/fasterxml/jackson/datatype/jackson-datatype-jsr310/2.17.2/jackson-datatype-jsr310-2.17.2.jar:/home/pedromn35/.m2/repository/com/fasterxml/jackson/datatype/jackson-datatype-jdk8/2.17.2/jackson-datatype-jdk8-2.17.2.jar:/home/pedromn35/.m2/repository/com/fasterxml/jackson/module/jackson-module-parameter-names/2.17.2/jackson-module-parameter-names-2.17.2.jar:/home/pedromn35/.m2/repository/io/quarkus/quarkus-hibernate-orm-panache/3.12.3/quarkus-hibernate-orm-panache-3.12.3.jar:/home/pedromn35/.m2/repository/io/quarkus/quarkus-hibernate-orm-panache-common/3.12.3/quarkus-hibernate-orm-panache-common-3.12.3.jar:/home/pedromn35/.m2/repository/io/quarkus/quarkus-panache-hibernate-common/3.12.3/quarkus-panache-hibernate-common-3.12.3.jar:/home/pedromn35/.m2/repository/io/quarkus/quarkus-panache-common/3.12.3/quarkus-panache-common-3.12.3.jar:/home/pedromn35/.m2/repository/io/quarkus/quarkus-jdbc-postgresql/3.12.3/quarkus-jdbc-postgresql-3.12.3.jar:/home/pedromn35/.m2/repository/org/postgresql/postgresql/42.7.3/postgresql-42.7.3.jar:/home/pedromn35/.m2/repository/io/quarkus/quarkus-arc/3.12.3/quarkus-arc-3.12.3.jar:/home/pedromn35/.m2/repository/io/quarkus/arc/arc/3.12.3/arc-3.12.3.jar:/home/pedromn35/.m2/repository/io/smallrye/reactive/mutiny/2.6.0/mutiny-2.6.0.jar:/home/pedromn35/.m2/repository/org/jctools/jctools-core/4.0.3/jctools-core-4.0.3.jar:/home/pedromn35/.m2/repository/org/eclipse/microprofile/context-propagation/microprofile-context-propagation-api/1.3/microprofile-context-propagation-api-1.3.jar:/home/pedromn35/.m2/repository/io/quarkus/quarkus-hibernate-orm/3.12.3/quarkus-hibernate-orm-3.12.3.jar:/home/pedromn35/.m2/repository/io/quarkus/quarkus-agroal/3.12.3/quarkus-agroal-3.12.3.jar:/home/pedromn35/.m2/repository/io/quarkus/quarkus-datasource/3.12.3/quarkus-datasource-3.12.3.jar:/home/pedromn35/.m2/repository/io/agroal/agroal-api/2.4/agroal-api-2.4.jar:/home/pedromn35/.m2/repository/io/agroal/agroal-narayana/2.4/agroal-narayana-2.4.jar:/home/pedromn35/.m2/repository/org/jboss/jboss-transaction-spi/8.0.0.Final/jboss-transaction-spi-8.0.0.Final.jar:/home/pedromn35/.m2/repository/io/agroal/agroal-pool/2.4/agroal-pool-2.4.jar:/home/pedromn35/.m2/repository/io/quarkus/quarkus-narayana-jta/3.12.3/quarkus-narayana-jta-3.12.3.jar:/home/pedromn35/.m2/repository/io/quarkus/quarkus-transaction-annotations/3.12.3/quarkus-transaction-annotations-3.12.3.jar:/home/pedromn35/.m2/repository/io/quarkus/quarkus-datasource-common/3.12.3/quarkus-datasource-common-3.12.3.jar:/home/pedromn35/.m2/repository/io/smallrye/smallrye-context-propagation-jta/2.1.2/smallrye-context-propagation-jta-2.1.2.jar:/home/pedromn35/.m2/repository/io/smallrye/reactive/smallrye-reactive-converter-api/3.0.1/smallrye-reactive-converter-api-3.0.1.jar:/home/pedromn35/.m2/repository/io/smallrye/reactive/smallrye-reactive-converter-mutiny/3.0.1/smallrye-reactive-converter-mutiny-3.0.1.jar:/home/pedromn35/.m2/repository/io/smallrye/reactive/mutiny-zero-flow-adapters/1.1.0/mutiny-zero-flow-adapters-1.1.0.jar:/home/pedromn35/.m2/repository/org/jboss/narayana/jta/narayana-jta/7.0.2.Final/narayana-jta-7.0.2.Final.jar:/home/pedromn35/.m2/repository/jakarta/resource/jakarta.resource-api/2.1.0/jakarta.resource-api-2.1.0.jar:/home/pedromn35/.m2/repository/org/jboss/invocation/jboss-invocation/2.0.0.Final/jboss-invocation-2.0.0.Final.jar:/home/pedromn35/.m2/repository/org/eclipse/microprofile/reactive-streams-operators/microprofile-reactive-streams-operators-api/3.0/microprofile-reactive-streams-operators-api-3.0.jar:/home/pedromn35/.m2/repository/org/jboss/narayana/jts/narayana-jts-integration/7.0.2.Final/narayana-jts-integration-7.0.2.Final.jar:/home/pedromn35/.m2/repository/org/hibernate/orm/hibernate-core/6.5.2.Final/hibernate-core-6.5.2.Final.jar:/home/pedromn35/.m2/repository/com/fasterxml/classmate/1.7.0/classmate-1.7.0.jar:/home/pedromn35/.m2/repository/org/antlr/antlr4-runtime/4.13.0/antlr4-runtime-4.13.0.jar:/home/pedromn35/.m2/repository/net/bytebuddy/byte-buddy/1.14.15/byte-buddy-1.14.15.jar:/home/pedromn35/.m2/repository/org/hibernate/common/hibernate-commons-annotations/6.0.6.Final/hibernate-commons-annotations-6.0.6.Final.jar:/home/pedromn35/.m2/repository/org/hibernate/orm/hibernate-graalvm/6.5.2.Final/hibernate-graalvm-6.5.2.Final.jar:/home/pedromn35/.m2/repository/org/glassfish/jaxb/jaxb-runtime/4.0.5/jaxb-runtime-4.0.5.jar:/home/pedromn35/.m2/repository/org/glassfish/jaxb/jaxb-core/4.0.5/jaxb-core-4.0.5.jar:/home/pedromn35/.m2/repository/org/eclipse/angus/angus-activation/2.0.2/angus-activation-2.0.2.jar:/home/pedromn35/.m2/repository/org/glassfish/jaxb/txw2/4.0.5/txw2-4.0.5.jar:/home/pedromn35/.m2/repository/com/sun/istack/istack-commons-runtime/4.1.2/istack-commons-runtime-4.1.2.jar:/home/pedromn35/.m2/repository/jakarta/xml/bind/jakarta.xml.bind-api/4.0.2/jakarta.xml.bind-api-4.0.2.jar:/home/pedromn35/.m2/repository/jakarta/activation/jakarta.activation-api/2.1.3/jakarta.activation-api-2.1.3.jar:/home/pedromn35/.m2/repository/jakarta/persistence/jakarta.persistence-api/3.1.0/jakarta.persistence-api-3.1.0.jar:/home/pedromn35/.m2/repository/jakarta/transaction/jakarta.transaction-api/2.0.1/jakarta.transaction-api-2.0.1.jar:/home/pedromn35/.m2/repository/org/hibernate/quarkus-local-cache/0.3.0/quarkus-local-cache-0.3.0.jar:/home/pedromn35/.m2/repository/io/quarkus/quarkus-caffeine/3.12.3/quarkus-caffeine-3.12.3.jar:/home/pedromn35/.m2/repository/com/github/ben-manes/caffeine/caffeine/3.1.5/caffeine-3.1.5.jar:/home/pedromn35/.m2/repository/com/google/errorprone/error_prone_annotations/2.28.0/error_prone_annotations-2.28.0.jar:/home/pedromn35/.m2/repository/io/quarkus/quarkus-rest-client-jackson/3.12.3/quarkus-rest-client-jackson-3.12.3.jar:/home/pedromn35/.m2/repository/io/quarkus/resteasy/reactive/resteasy-reactive-jackson/3.12.3/resteasy-reactive-jackson-3.12.3.jar:/home/pedromn35/.m2/repository/com/fasterxml/jackson/core/jackson-databind/2.17.2/jackson-databind-2.17.2.jar:/home/pedromn35/.m2/repository/com/fasterxml/jackson/core/jackson-annotations/2.17.2/jackson-annotations-2.17.2.jar:/home/pedromn35/.m2/repository/io/quarkus/quarkus-rest-client/3.12.3/quarkus-rest-client-3.12.3.jar:/home/pedromn35/.m2/repository/io/quarkus/quarkus-rest-client-jaxrs/3.12.3/quarkus-rest-client-jaxrs-3.12.3.jar:/home/pedromn35/.m2/repository/io/quarkus/resteasy/reactive/resteasy-reactive-client/3.12.3/resteasy-reactive-client-3.12.3.jar:/home/pedromn35/.m2/repository/io/vertx/vertx-web-client/4.5.7/vertx-web-client-4.5.7.jar:/home/pedromn35/.m2/repository/io/quarkus/quarkus-smallrye-stork/3.12.3/quarkus-smallrye-stork-3.12.3.jar:/home/pedromn35/.m2/repository/io/quarkus/quarkus-rest-client-config/3.12.3/quarkus-rest-client-config-3.12.3.jar:/home/pedromn35/.m2/repository/io/smallrye/stork/stork-api/2.6.0/stork-api-2.6.0.jar:/home/pedromn35/.m2/repository/io/smallrye/stork/stork-core/2.6.0/stork-core-2.6.0.jar:/home/pedromn35/.m2/repository/org/eclipse/microprofile/rest/client/microprofile-rest-client-api/3.0.1/microprofile-rest-client-api-3.0.1.jar:/home/pedromn35/.m2/repository/io/quarkus/quarkus-junit5/3.12.3/quarkus-junit5-3.12.3.jar:/home/pedromn35/.m2/repository/io/quarkus/quarkus-bootstrap-core/3.12.3/quarkus-bootstrap-core-3.12.3.jar:/home/pedromn35/.m2/repository/io/quarkus/quarkus-classloader-commons/3.12.3/quarkus-classloader-commons-3.12.3.jar:/home/pedromn35/.m2/repository/io/quarkus/quarkus-bootstrap-app-model/3.12.3/quarkus-bootstrap-app-model-3.12.3.jar:/home/pedromn35/.m2/repository/io/smallrye/common/smallrye-common-io/2.3.0/smallrye-common-io-2.3.0.jar:/home/pedromn35/.m2/repository/org/eclipse/sisu/org.eclipse.sisu.inject/0.9.0.M3/org.eclipse.sisu.inject-0.9.0.M3.jar:/home/pedromn35/.m2/repository/io/quarkus/quarkus-test-common/3.12.3/quarkus-test-common-3.12.3.jar:/home/pedromn35/.m2/repository/io/quarkus/quarkus-core-deployment/3.12.3/quarkus-core-deployment-3.12.3.jar:/home/pedromn35/.m2/repository/org/aesh/readline/2.6/readline-2.6.jar:/home/pedromn35/.m2/repository/org/fusesource/jansi/jansi/2.4.0/jansi-2.4.0.jar:/home/pedromn35/.m2/repository/org/aesh/aesh/2.8.2/aesh-2.8.2.jar:/home/pedromn35/.m2/repository/io/quarkus/gizmo/gizmo/1.8.0/gizmo-1.8.0.jar:/home/pedromn35/.m2/repository/org/ow2/asm/asm-util/9.7/asm-util-9.7.jar:/home/pedromn35/.m2/repository/org/ow2/asm/asm-analysis/9.7/asm-analysis-9.7.jar:/home/pedromn35/.m2/repository/org/ow2/asm/asm/9.7/asm-9.7.jar:/home/pedromn35/.m2/repository/org/ow2/asm/asm-commons/9.7/asm-commons-9.7.jar:/home/pedromn35/.m2/repository/org/ow2/asm/asm-tree/9.7/asm-tree-9.7.jar:/home/pedromn35/.m2/repository/io/quarkus/quarkus-hibernate-validator-spi/3.12.3/quarkus-hibernate-validator-spi-3.12.3.jar:/home/pedromn35/.m2/repository/io/quarkus/quarkus-class-change-agent/3.12.3/quarkus-class-change-agent-3.12.3.jar:/home/pedromn35/.m2/repository/io/quarkus/quarkus-devtools-utilities/3.12.3/quarkus-devtools-utilities-3.12.3.jar:/home/pedromn35/.m2/repository/io/quarkus/quarkus-builder/3.12.3/quarkus-builder-3.12.3.jar:/home/pedromn35/.m2/repository/org/graalvm/sdk/nativeimage/23.1.2/nativeimage-23.1.2.jar:/home/pedromn35/.m2/repository/org/graalvm/sdk/word/23.1.2/word-23.1.2.jar:/home/pedromn35/.m2/repository/org/junit/platform/junit-platform-launcher/1.10.2/junit-platform-launcher-1.10.2.jar:/home/pedromn35/.m2/repository/io/quarkus/quarkus-bootstrap-maven-resolver/3.12.3/quarkus-bootstrap-maven-resolver-3.12.3.jar:/home/pedromn35/.m2/repository/io/smallrye/beanbag/smallrye-beanbag-maven/1.5.2/smallrye-beanbag-maven-1.5.2.jar:/home/pedromn35/.m2/repository/io/smallrye/beanbag/smallrye-beanbag-sisu/1.5.2/smallrye-beanbag-sisu-1.5.2.jar:/home/pedromn35/.m2/repository/io/smallrye/beanbag/smallrye-beanbag/1.5.2/smallrye-beanbag-1.5.2.jar:/home/pedromn35/.m2/repository/javax/inject/javax.inject/1/javax.inject-1.jar:/home/pedromn35/.m2/repository/org/apache/maven/maven-artifact/3.9.8/maven-artifact-3.9.8.jar:/home/pedromn35/.m2/repository/org/apache/maven/maven-builder-support/3.9.8/maven-builder-support-3.9.8.jar:/home/pedromn35/.m2/repository/org/apache/maven/maven-model/3.9.8/maven-model-3.9.8.jar:/home/pedromn35/.m2/repository/org/apache/maven/maven-model-builder/3.9.8/maven-model-builder-3.9.8.jar:/home/pedromn35/.m2/repository/org/apache/maven/maven-repository-metadata/3.9.8/maven-repository-metadata-3.9.8.jar:/home/pedromn35/.m2/repository/org/apache/maven/maven-settings/3.9.8/maven-settings-3.9.8.jar:/home/pedromn35/.m2/repository/org/apache/maven/resolver/maven-resolver-api/1.9.20/maven-resolver-api-1.9.20.jar:/home/pedromn35/.m2/repository/org/apache/maven/resolver/maven-resolver-impl/1.9.20/maven-resolver-impl-1.9.20.jar:/home/pedromn35/.m2/repository/org/apache/maven/resolver/maven-resolver-named-locks/1.9.20/maven-resolver-named-locks-1.9.20.jar:/home/pedromn35/.m2/repository/org/apache/maven/resolver/maven-resolver-spi/1.9.20/maven-resolver-spi-1.9.20.jar:/home/pedromn35/.m2/repository/org/apache/maven/resolver/maven-resolver-util/1.9.20/maven-resolver-util-1.9.20.jar:/home/pedromn35/.m2/repository/org/apache/maven/resolver/maven-resolver-transport-http/1.9.20/maven-resolver-transport-http-1.9.20.jar:/home/pedromn35/.m2/repository/org/apache/maven/wagon/wagon-provider-api/3.5.3/wagon-provider-api-3.5.3.jar:/home/pedromn35/.m2/repository/org/apache/maven/wagon/wagon-http-shared/3.5.3/wagon-http-shared-3.5.3.jar:/home/pedromn35/.m2/repository/org/codehaus/plexus/plexus-interpolation/1.26/plexus-interpolation-1.26.jar:/home/pedromn35/.m2/repository/org/codehaus/plexus/plexus-utils/3.5.1/plexus-utils-3.5.1.jar:/home/pedromn35/.m2/repository/org/codehaus/plexus/plexus-xml/4.0.1/plexus-xml-4.0.1.jar:/home/pedromn35/.m2/repository/org/apache/maven/maven-xml-impl/4.0.0-alpha-5/maven-xml-impl-4.0.0-alpha-5.jar:/home/pedromn35/.m2/repository/org/apache/maven/maven-api-xml/4.0.0-alpha-5/maven-api-xml-4.0.0-alpha-5.jar:/home/pedromn35/.m2/repository/org/apache/maven/maven-api-meta/4.0.0-alpha-5/maven-api-meta-4.0.0-alpha-5.jar:/home/pedromn35/.m2/repository/org/codehaus/plexus/plexus-cipher/2.0/plexus-cipher-2.0.jar:/home/pedromn35/.m2/repository/org/codehaus/plexus/plexus-sec-dispatcher/2.0/plexus-sec-dispatcher-2.0.jar:/home/pedromn35/.m2/repository/org/apache/maven/maven-embedder/3.9.8/maven-embedder-3.9.8.jar:/home/pedromn35/.m2/repository/org/apache/maven/maven-core/3.9.8/maven-core-3.9.8.jar:/home/pedromn35/.m2/repository/org/codehaus/plexus/plexus-component-annotations/2.1.0/plexus-component-annotations-2.1.0.jar:/home/pedromn35/.m2/repository/org/apache/maven/maven-plugin-api/3.9.8/maven-plugin-api-3.9.8.jar:/home/pedromn35/.m2/repository/org/apache/maven/shared/maven-shared-utils/3.4.2/maven-shared-utils-3.4.2.jar:/home/pedromn35/.m2/repository/com/google/inject/guice/5.1.0/guice-5.1.0.jar:/home/pedromn35/.m2/repository/aopalliance/aopalliance/1.0/aopalliance-1.0.jar:/home/pedromn35/.m2/repository/com/google/guava/guava/33.2.1-jre/guava-33.2.1-jre.jar:/home/pedromn35/.m2/repository/com/google/guava/failureaccess/1.0.1/failureaccess-1.0.1.jar:/home/pedromn35/.m2/repository/javax/annotation/javax.annotation-api/1.3.2/javax.annotation-api-1.3.2.jar:/home/pedromn35/.m2/repository/org/codehaus/plexus/plexus-classworlds/2.6.0/plexus-classworlds-2.6.0.jar:/home/pedromn35/.m2/repository/commons-cli/commons-cli/1.8.0/commons-cli-1.8.0.jar:/home/pedromn35/.m2/repository/org/eclipse/sisu/org.eclipse.sisu.plexus/0.9.0.M3/org.eclipse.sisu.plexus-0.9.0.M3.jar:/home/pedromn35/.m2/repository/org/apache/maven/maven-settings-builder/3.9.8/maven-settings-builder-3.9.8.jar:/home/pedromn35/.m2/repository/org/apache/maven/maven-resolver-provider/3.9.8/maven-resolver-provider-3.9.8.jar:/home/pedromn35/.m2/repository/org/apache/maven/resolver/maven-resolver-connector-basic/1.9.20/maven-resolver-connector-basic-1.9.20.jar:/home/pedromn35/.m2/repository/org/apache/maven/resolver/maven-resolver-transport-wagon/1.9.20/maven-resolver-transport-wagon-1.9.20.jar:/home/pedromn35/.m2/repository/org/apache/maven/wagon/wagon-http/3.5.3/wagon-http-3.5.3.jar:/home/pedromn35/.m2/repository/org/apache/maven/wagon/wagon-file/3.5.3/wagon-file-3.5.3.jar:/home/pedromn35/.m2/repository/io/quarkus/quarkus-bootstrap-gradle-resolver/3.12.3/quarkus-bootstrap-gradle-resolver-3.12.3.jar:/home/pedromn35/.m2/repository/io/smallrye/jandex/3.2.0/jandex-3.2.0.jar:/home/pedromn35/.m2/repository/commons-io/commons-io/2.16.1/commons-io-2.16.1.jar:/home/pedromn35/.m2/repository/io/quarkus/quarkus-junit5-properties/3.12.3/quarkus-junit5-properties-3.12.3.jar:/home/pedromn35/.m2/repository/org/junit/jupiter/junit-jupiter/5.10.2/junit-jupiter-5.10.2.jar:/home/pedromn35/.m2/repository/org/junit/jupiter/junit-jupiter-api/5.10.2/junit-jupiter-api-5.10.2.jar:/home/pedromn35/.m2/repository/org/opentest4j/opentest4j/1.3.0/opentest4j-1.3.0.jar:/home/pedromn35/.m2/repository/org/junit/platform/junit-platform-commons/1.10.2/junit-platform-commons-1.10.2.jar:/home/pedromn35/.m2/repository/org/apiguardian/apiguardian-api/1.1.2/apiguardian-api-1.1.2.jar:/home/pedromn35/.m2/repository/org/junit/jupiter/junit-jupiter-params/5.10.2/junit-jupiter-params-5.10.2.jar:/home/pedromn35/.m2/repository/org/junit/jupiter/junit-jupiter-engine/5.10.2/junit-jupiter-engine-5.10.2.jar:/home/pedromn35/.m2/repository/org/junit/platform/junit-platform-engine/1.10.2/junit-platform-engine-1.10.2.jar:/home/pedromn35/.m2/repository/com/thoughtworks/xstream/xstream/1.4.20/xstream-1.4.20.jar:/home/pedromn35/.m2/repository/io/github/x-stream/mxparser/1.2.2/mxparser-1.2.2.jar:/home/pedromn35/.m2/repository/xmlpull/xmlpull/1.1.3.1/xmlpull-1.1.3.1.jar:/home/pedromn35/.m2/repository/io/rest-assured/rest-assured/5.4.0/rest-assured-5.4.0.jar:/home/pedromn35/.m2/repository/org/apache/groovy/groovy/4.0.16/groovy-4.0.16.jar:/home/pedromn35/.m2/repository/org/apache/groovy/groovy-xml/4.0.16/groovy-xml-4.0.16.jar:/home/pedromn35/.m2/repository/org/apache/httpcomponents/httpclient/4.5.14/httpclient-4.5.14.jar:/home/pedromn35/.m2/repository/org/apache/httpcomponents/httpcore/4.4.16/httpcore-4.4.16.jar:/home/pedromn35/.m2/repository/commons-codec/commons-codec/1.17.0/commons-codec-1.17.0.jar:/home/pedromn35/.m2/repository/org/apache/httpcomponents/httpmime/4.5.14/httpmime-4.5.14.jar:/home/pedromn35/.m2/repository/org/hamcrest/hamcrest/2.2/hamcrest-2.2.jar:/home/pedromn35/.m2/repository/org/ccil/cowan/tagsoup/tagsoup/1.2.1/tagsoup-1.2.1.jar:/home/pedromn35/.m2/repository/io/rest-assured/json-path/5.4.0/json-path-5.4.0.jar:/home/pedromn35/.m2/repository/org/apache/groovy/groovy-json/4.0.16/groovy-json-4.0.16.jar:/home/pedromn35/.m2/repository/io/rest-assured/rest-assured-common/5.4.0/rest-assured-common-5.4.0.jar:/home/pedromn35/.m2/repository/io/rest-assured/xml-path/5.4.0/xml-path-5.4.0.jar:/home/pedromn35/.m2/repository/org/apache/commons/commons-lang3/3.14.0/commons-lang3-3.14.0.jar:"/>
    <property name="sun.cpu.endian" value="little"/>
    <property name="vertx.disableWebsockets" value="true"/>
    <property name="user.home" value="/home/pedromn35"/>
    <property name="user.language" value="en"/>
    <property name="jboss.log-version" value="false"/>
    <property name="java.specification.vendor" value="Oracle Corporation"/>
    <property name="io.netty.allocator.maxOrder" value="3"/>
    <property name="java.version.date" value="2024-07-16"/>
    <property name="java.home" value="/usr/lib/jvm/java-21-openjdk"/>
    <property name="file.separator" value="/"/>
    <property name="basedir" value="/run/media/pedromn35/disk2-home/projects/quarkus-rest-hlf-network"/>
    <property name="java.vm.compressedOopsMode" value="Zero based"/>
    <property name="line.separator" value="&#10;"/>
    <property name="java.vm.specification.vendor" value="Oracle Corporation"/>
    <property name="java.specification.name" value="Java Platform API Specification"/>
    <property name="surefire.real.class.path" value="/run/media/pedromn35/disk2-home/projects/quarkus-rest-hlf-network/target/surefire/surefirebooter-20240727150519609_3.jar"/>
    <property name="sun.management.compiler" value="HotSpot 64-Bit Tiered Compilers"/>
    <property name="java.runtime.version" value="21.0.4+8-LTS-274"/>
    <property name="user.name" value="pedromn35"/>
    <property name="stdout.encoding" value="UTF-8"/>
    <property name="path.separator" value=":"/>
    <property name="os.version" value="6.10.0-arch1-2"/>
    <property name="java.runtime.name" value="Java(TM) SE Runtime Environment"/>
    <property name="file.encoding" value="UTF-8"/>
    <property name="java.vm.name" value="Java HotSpot(TM) 64-Bit Server VM"/>
    <property name="localRepository" value="/home/pedromn35/.m2/repository"/>
    <property name="java.vendor.url.bug" value="https://bugreport.java.com/bugreport/"/>
    <property name="java.io.tmpdir" value="/tmp"/>
    <property name="quarkus.log.file.path" value="target/quarkus.log"/>
    <property name="java.version" value="21.0.4"/>
    <property name="java.util.concurrent.ForkJoinPool.common.threadFactory" value="io.quarkus.bootstrap.forkjoin.QuarkusForkJoinWorkerThreadFactory"/>
    <property name="user.dir" value="/run/media/pedromn35/disk2-home/projects/quarkus-rest-hlf-network"/>
    <property name="os.arch" value="amd64"/>
    <property name="java.vm.specification.name" value="Java Virtual Machine Specification"/>
    <property name="vertx.disableDnsResolver" value="true"/>
    <property name="native.encoding" value="UTF-8"/>
    <property name="java.util.logging.manager" value="org.jboss.logmanager.LogManager"/>
    <property name="java.library.path" value="/usr/java/packages/lib:/usr/lib64:/lib64:/lib:/usr/lib"/>
    <property name="java.vm.info" value="mixed mode, sharing"/>
    <property name="stderr.encoding" value="UTF-8"/>
    <property name="java.vendor" value="Oracle Corporation"/>
    <property name="vertx.disableTCCL" value="true"/>
    <property name="java.vm.version" value="21.0.4+8-LTS-274"/>
    <property name="sun.io.unicode.encoding" value="UnicodeLittle"/>
    <property name="io.netty.machineId" value="10:62:6a:26:d6:8f:0c:e7"/>
    <property name="java.class.version" value="65.0"/>
  </properties>
  <testcase name="mappingTest" classname="hlf.network.mapper.BlockMapperTest" time="0.095">
    <system-out><![CDATA[2024-07-27 15:05:26,387 INFO  [io.quarkus] (main) test 1.0.0-SNAPSHOT on JVM (powered by Quarkus 3.12.3) started in 3.856s. Listening on: http://localhost:8081
2024-07-27 15:05:26,388 INFO  [io.quarkus] (main) Profile test activated. 
2024-07-27 15:05:26,389 INFO  [io.quarkus] (main) Installed features: [agroal, cdi, groovy, groovy-junit5, hibernate-orm, hibernate-orm-panache, jdbc-postgresql, narayana-jta, qute, rest, rest-client, rest-client-jackson, rest-jackson, smallrye-context-propagation, vertx]
]]></system-out>
  </testcase>
</testsuite>